?? Connecting to Wikipedia SSE stream...
?? INCOMING BOT event id=8e907a75-7b5d-49ab-a9a2-1e7db61abd13 user=Some("FenaBot") bot=Some(true) server=Some("en.wiktionary.org")
➕ ENQUEUE BOT event id=8e907a75-7b5d-49ab-a9a2-1e7db61abd13 user=Some("FenaBot") bot=Some(true) server=Some("en.wiktionary.org")
📤 DEQUEUE BOT event id=8e907a75-7b5d-49ab-a9a2-1e7db61abd13 user=Some("FenaBot") bot=Some(true) server=Some("en.wiktionary.org")
?? INCOMING BOT event id=52b3d5f6-39cf-4e84-a022-f9103a448192 user=Some("CheWikibot") bot=Some(true) server=Some("ce.wikipedia.org")
➕ ENQUEUE BOT event id=52b3d5f6-39cf-4e84-a022-f9103a448192 user=Some("CheWikibot") bot=Some(true) server=Some("ce.wikipedia.org")
⏱ BOT Actual=200ns Expected=2ms Scheduling Drift(ns)=-1999800
✅ Deadline met: 200ns
📤 DEQUEUE BOT event id=52b3d5f6-39cf-4e84-a022-f9103a448192 user=Some("CheWikibot") bot=Some(true) server=Some("ce.wikipedia.org")
⏱ BOT Actual=100ns Expected=2ms Scheduling Drift(ns)=-1999900
✅ Deadline met: 100ns
?? INCOMING BOT event id=7633ae90-94ee-4981-9ac1-55dd1d8ae0d2 user=Some("FenaBot") bot=Some(true) server=Some("en.wiktionary.org")
➕ ENQUEUE BOT event id=7633ae90-94ee-4981-9ac1-55dd1d8ae0d2 user=Some("FenaBot") bot=Some(true) server=Some("en.wiktionary.org")
📤 DEQUEUE BOT event id=7633ae90-94ee-4981-9ac1-55dd1d8ae0d2 user=Some("FenaBot") bot=Some(true) server=Some("en.wiktionary.org")
⏱ BOT Actual=300ns Expected=2ms Scheduling Drift(ns)=-1999700
✅ Deadline met: 300ns
?? INCOMING HUMAN event id=2a5cdc3d-a3d9-452c-bc93-7946b3444678 user=Some("SchiDD") bot=Some(false) server=Some("commons.wikimedia.org")
➕ ENQUEUE HUMAN event id=2a5cdc3d-a3d9-452c-bc93-7946b3444678 user=Some("SchiDD") bot=Some(false) server=Some("commons.wikimedia.org")
📤 DEQUEUE HUMAN event id=2a5cdc3d-a3d9-452c-bc93-7946b3444678 user=Some("SchiDD") bot=Some(false) server=Some("commons.wikimedia.org")
?? INCOMING HUMAN event id=2e86cdc2-f978-477d-a665-f7ccdeb0435d user=Some("SchiDD") bot=Some(false) server=Some("commons.wikimedia.org")
⏱ HUMAN Actual=400ns Expected=2ms Scheduling Drift(ns)=-1999600
➕ ENQUEUE HUMAN event id=2e86cdc2-f978-477d-a665-f7ccdeb0435d user=Some("SchiDD") bot=Some(false) server=Some("commons.wikimedia.org")
✅ Deadline met: 400ns
?? INCOMING HUMAN event id=76c6429e-07e7-4f3b-b4c1-db406d50fc30 user=Some("SchiDD") bot=Some(false) server=Some("commons.wikimedia.org")
📤 DEQUEUE HUMAN event id=2e86cdc2-f978-477d-a665-f7ccdeb0435d user=Some("SchiDD") bot=Some(false) server=Some("commons.wikimedia.org")
➕ ENQUEUE HUMAN event id=76c6429e-07e7-4f3b-b4c1-db406d50fc30 user=Some("SchiDD") bot=Some(false) server=Some("commons.wikimedia.org")
⏱ HUMAN Actual=300ns Expected=2ms Scheduling Drift(ns)=-1999700
✅ Deadline met: 300ns
?? INCOMING BOT event id=d2da3ea8-6ad2-44e3-8a31-e78c09e46380 user=Some("SuperGrey-bot") bot=Some(true) server=Some("zh.wikisource.org")
📤 DEQUEUE HUMAN event id=76c6429e-07e7-4f3b-b4c1-db406d50fc30 user=Some("SchiDD") bot=Some(false) server=Some("commons.wikimedia.org")
➕ ENQUEUE BOT event id=d2da3ea8-6ad2-44e3-8a31-e78c09e46380 user=Some("SuperGrey-bot") bot=Some(true) server=Some("zh.wikisource.org")
⏱ HUMAN Actual=300ns Expected=2ms Scheduling Drift(ns)=-1999700
?? INCOMING BOT event id=7b981aed-8b13-48ef-8517-3adafcd888e0 user=Some("Zabe") bot=Some(true) server=Some("en.wikinews.org")
✅ Deadline met: 300ns
➕ ENQUEUE BOT event id=7b981aed-8b13-48ef-8517-3adafcd888e0 user=Some("Zabe") bot=Some(true) server=Some("en.wikinews.org")
📤 DEQUEUE BOT event id=d2da3ea8-6ad2-44e3-8a31-e78c09e46380 user=Some("SuperGrey-bot") bot=Some(true) server=Some("zh.wikisource.org")
?? INCOMING BOT event id=f5d0ba6e-be3c-4084-b3ec-bf958897e577 user=Some("SuperGrey-bot") bot=Some(true) server=Some("zh.wikisource.org")
⏱ BOT Actual=100ns Expected=2ms Scheduling Drift(ns)=-1999900
➕ ENQUEUE BOT event id=f5d0ba6e-be3c-4084-b3ec-bf958897e577 user=Some("SuperGrey-bot") bot=Some(true) server=Some("zh.wikisource.org")
✅ Deadline met: 100ns
📤 DEQUEUE BOT event id=7b981aed-8b13-48ef-8517-3adafcd888e0 user=Some("Zabe") bot=Some(true) server=Some("en.wikinews.org")
⏱ BOT Actual=200ns Expected=2ms Scheduling Drift(ns)=-1999800
✅ Deadline met: 200ns
📤 DEQUEUE BOT event id=f5d0ba6e-be3c-4084-b3ec-bf958897e577 user=Some("SuperGrey-bot") bot=Some(true) server=Some("zh.wikisource.org")
⏱ BOT Actual=200ns Expected=2ms Scheduling Drift(ns)=-1999800
✅ Deadline met: 200ns
?? INCOMING BOT event id=58fc9715-67b7-478d-9e3c-ec74626296ae user=Some("SuperGrey-bot") bot=Some(true) server=Some("zh.wikisource.org")
➕ ENQUEUE BOT event id=58fc9715-67b7-478d-9e3c-ec74626296ae user=Some("SuperGrey-bot") bot=Some(true) server=Some("zh.wikisource.org")
📤 DEQUEUE BOT event id=58fc9715-67b7-478d-9e3c-ec74626296ae user=Some("SuperGrey-bot") bot=Some(true) server=Some("zh.wikisource.org")
⏱ BOT Actual=100ns Expected=2ms Scheduling Drift(ns)=-1999900
✅ Deadline met: 100ns
?? INCOMING BOT event id=fcf74b3d-efd8-48a7-a637-e1527a432242 user=Some("SuperGrey-bot") bot=Some(true) server=Some("zh.wikisource.org")
➕ ENQUEUE BOT event id=fcf74b3d-efd8-48a7-a637-e1527a432242 user=Some("SuperGrey-bot") bot=Some(true) server=Some("zh.wikisource.org")
📤 DEQUEUE BOT event id=fcf74b3d-efd8-48a7-a637-e1527a432242 user=Some("SuperGrey-bot") bot=Some(true) server=Some("zh.wikisource.org")
?? INCOMING BOT event id=1ea06ed2-a05b-420d-800a-090aa1b7ad1d user=Some("SchlurcherBot") bot=Some(true) server=Some("commons.wikimedia.org")
⏱ BOT Actual=400ns Expected=2ms Scheduling Drift(ns)=-1999600
➕ ENQUEUE BOT event id=1ea06ed2-a05b-420d-800a-090aa1b7ad1d user=Some("SchlurcherBot") bot=Some(true) server=Some("commons.wikimedia.org")
✅ Deadline met: 400ns
?? INCOMING HUMAN event id=95af599e-909f-4415-9ac6-4e6f11464ec2 user=Some("Sentience Scholar") bot=Some(false) server=Some("en.wikipedia.org")
📤 DEQUEUE BOT event id=1ea06ed2-a05b-420d-800a-090aa1b7ad1d user=Some("SchlurcherBot") bot=Some(true) server=Some("commons.wikimedia.org")
➕ ENQUEUE HUMAN event id=95af599e-909f-4415-9ac6-4e6f11464ec2 user=Some("Sentience Scholar") bot=Some(false) server=Some("en.wikipedia.org")
⏱ BOT Actual=300ns Expected=2ms Scheduling Drift(ns)=-1999700
?? INCOMING BOT event id=8712e516-ba69-47bd-94f3-d373bfd14ad0 user=Some("SuperGrey-bot") bot=Some(true) server=Some("zh.wikisource.org")
✅ Deadline met: 300ns
➕ ENQUEUE BOT event id=8712e516-ba69-47bd-94f3-d373bfd14ad0 user=Some("SuperGrey-bot") bot=Some(true) server=Some("zh.wikisource.org")
📤 DEQUEUE HUMAN event id=95af599e-909f-4415-9ac6-4e6f11464ec2 user=Some("Sentience Scholar") bot=Some(false) server=Some("en.wikipedia.org")
?? INCOMING BOT event id=6a002254-3a58-42a8-ae63-86bd1cde2ac1 user=Some("SuperGrey-bot") bot=Some(true) server=Some("zh.wikisource.org")
⏱ HUMAN Actual=300ns Expected=2ms Scheduling Drift(ns)=-1999700
➕ ENQUEUE BOT event id=6a002254-3a58-42a8-ae63-86bd1cde2ac1 user=Some("SuperGrey-bot") bot=Some(true) server=Some("zh.wikisource.org")
✅ Deadline met: 300ns
?? INCOMING BOT event id=2fc8432c-defa-4f71-8993-cf59c03f7072 user=Some("DPLA bot") bot=Some(true) server=Some("commons.wikimedia.org")
📤 DEQUEUE BOT event id=8712e516-ba69-47bd-94f3-d373bfd14ad0 user=Some("SuperGrey-bot") bot=Some(true) server=Some("zh.wikisource.org")
➕ ENQUEUE BOT event id=2fc8432c-defa-4f71-8993-cf59c03f7072 user=Some("DPLA bot") bot=Some(true) server=Some("commons.wikimedia.org")
⏱ BOT Actual=200ns Expected=2ms Scheduling Drift(ns)=-1999800
?? INCOMING BOT event id=d7988851-157b-4906-83f9-6f0334fbdc99 user=Some("SchlurcherBot") bot=Some(true) server=Some("commons.wikimedia.org")
✅ Deadline met: 200ns
[1778248919.929421700] OVERFLOW DROP BOT dropped=[event id=6a002254-3a58-42a8-ae63-86bd1cde2ac1 user=Some("SuperGrey-bot") bot=Some(true) server=Some("zh.wikisource.org")] incoming=[event id=d7988851-157b-4906-83f9-6f0334fbdc99 user=Some("SchlurcherBot") bot=Some(true) server=Some("commons.wikimedia.org")]
📤 DEQUEUE BOT event id=2fc8432c-defa-4f71-8993-cf59c03f7072 user=Some("DPLA bot") bot=Some(true) server=Some("commons.wikimedia.org")
➕ ENQUEUE BOT event id=d7988851-157b-4906-83f9-6f0334fbdc99 user=Some("SchlurcherBot") bot=Some(true) server=Some("commons.wikimedia.org")
⏱ BOT Actual=200ns Expected=2ms Scheduling Drift(ns)=-1999800
?? INCOMING BOT event id=ab883a10-6605-44f3-97d9-b17f6ce8de91 user=Some("SuperGrey-bot") bot=Some(true) server=Some("zh.wikisource.org")
✅ Deadline met: 200ns
➕ ENQUEUE BOT event id=ab883a10-6605-44f3-97d9-b17f6ce8de91 user=Some("SuperGrey-bot") bot=Some(true) server=Some("zh.wikisource.org")
📤 DEQUEUE BOT event id=d7988851-157b-4906-83f9-6f0334fbdc99 user=Some("SchlurcherBot") bot=Some(true) server=Some("commons.wikimedia.org")
?? INCOMING BOT event id=ffbc2294-9186-49d0-8f82-15f3ab8c6a56 user=Some("DPLA bot") bot=Some(true) server=Some("commons.wikimedia.org")
⏱ BOT Actual=200ns Expected=2ms Scheduling Drift(ns)=-1999800
➕ ENQUEUE BOT event id=ffbc2294-9186-49d0-8f82-15f3ab8c6a56 user=Some("DPLA bot") bot=Some(true) server=Some("commons.wikimedia.org")
✅ Deadline met: 200ns
📤 DEQUEUE BOT event id=ab883a10-6605-44f3-97d9-b17f6ce8de91 user=Some("SuperGrey-bot") bot=Some(true) server=Some("zh.wikisource.org")
?? INCOMING BOT event id=8eb92d60-dabc-4d4a-a14c-2ba05cec088b user=Some("SuperGrey-bot") bot=Some(true) server=Some("zh.wikisource.org")
⏱ BOT Actual=200ns Expected=2ms Scheduling Drift(ns)=-1999800
➕ ENQUEUE BOT event id=8eb92d60-dabc-4d4a-a14c-2ba05cec088b user=Some("SuperGrey-bot") bot=Some(true) server=Some("zh.wikisource.org")
✅ Deadline met: 200ns
?? INCOMING BOT event id=0c66917a-f2ea-4287-8df7-27c818e505a7 user=Some("DPLA bot") bot=Some(true) server=Some("commons.wikimedia.org")
📤 DEQUEUE BOT event id=ffbc2294-9186-49d0-8f82-15f3ab8c6a56 user=Some("DPLA bot") bot=Some(true) server=Some("commons.wikimedia.org")
➕ ENQUEUE BOT event id=0c66917a-f2ea-4287-8df7-27c818e505a7 user=Some("DPLA bot") bot=Some(true) server=Some("commons.wikimedia.org")
⏱ BOT Actual=200ns Expected=2ms Scheduling Drift(ns)=-1999800
✅ Deadline met: 200ns
📤 DEQUEUE BOT event id=8eb92d60-dabc-4d4a-a14c-2ba05cec088b user=Some("SuperGrey-bot") bot=Some(true) server=Some("zh.wikisource.org")
⏱ BOT Actual=300ns Expected=2ms Scheduling Drift(ns)=-1999700
✅ Deadline met: 300ns
📤 DEQUEUE BOT event id=0c66917a-f2ea-4287-8df7-27c818e505a7 user=Some("DPLA bot") bot=Some(true) server=Some("commons.wikimedia.org")
⏱ BOT Actual=200ns Expected=2ms Scheduling Drift(ns)=-1999800
✅ Deadline met: 200ns
?? INCOMING BOT event id=6b3d213b-d0a1-4d38-8bcf-d8529aad3045 user=Some("DPLA bot") bot=Some(true) server=Some("commons.wikimedia.org")
➕ ENQUEUE BOT event id=6b3d213b-d0a1-4d38-8bcf-d8529aad3045 user=Some("DPLA bot") bot=Some(true) server=Some("commons.wikimedia.org")
📤 DEQUEUE BOT event id=6b3d213b-d0a1-4d38-8bcf-d8529aad3045 user=Some("DPLA bot") bot=Some(true) server=Some("commons.wikimedia.org")
?? INCOMING BOT event id=347e1f10-7e84-425b-b893-940b3a33b175 user=Some("DPLA bot") bot=Some(true) server=Some("commons.wikimedia.org")
⏱ BOT Actual=100ns Expected=2ms Scheduling Drift(ns)=-1999900
➕ ENQUEUE BOT event id=347e1f10-7e84-425b-b893-940b3a33b175 user=Some("DPLA bot") bot=Some(true) server=Some("commons.wikimedia.org")
✅ Deadline met: 100ns
📤 DEQUEUE BOT event id=347e1f10-7e84-425b-b893-940b3a33b175 user=Some("DPLA bot") bot=Some(true) server=Some("commons.wikimedia.org")
⏱ BOT Actual=300ns Expected=2ms Scheduling Drift(ns)=-1999700
✅ Deadline met: 300ns
?? INCOMING BOT event id=c75ea865-90aa-4e0e-a8d2-99aeab597ca5 user=Some("DPLA bot") bot=Some(true) server=Some("commons.wikimedia.org")
➕ ENQUEUE BOT event id=c75ea865-90aa-4e0e-a8d2-99aeab597ca5 user=Some("DPLA bot") bot=Some(true) server=Some("commons.wikimedia.org")
📤 DEQUEUE BOT event id=c75ea865-90aa-4e0e-a8d2-99aeab597ca5 user=Some("DPLA bot") bot=Some(true) server=Some("commons.wikimedia.org")
?? INCOMING BOT event id=003084da-7dd6-4bcb-93ee-1010bfe69602 user=Some("DPLA bot") bot=Some(true) server=Some("commons.wikimedia.org")
⏱ BOT Actual=100ns Expected=2ms Scheduling Drift(ns)=-1999900
➕ ENQUEUE BOT event id=003084da-7dd6-4bcb-93ee-1010bfe69602 user=Some("DPLA bot") bot=Some(true) server=Some("commons.wikimedia.org")
✅ Deadline met: 100ns
?? INCOMING BOT event id=ce8be200-fb83-495c-af2d-7b6012bac2dc user=Some("SchlurcherBot") bot=Some(true) server=Some("commons.wikimedia.org")
📤 DEQUEUE BOT event id=003084da-7dd6-4bcb-93ee-1010bfe69602 user=Some("DPLA bot") bot=Some(true) server=Some("commons.wikimedia.org")
➕ ENQUEUE BOT event id=ce8be200-fb83-495c-af2d-7b6012bac2dc user=Some("SchlurcherBot") bot=Some(true) server=Some("commons.wikimedia.org")
⏱ BOT Actual=200ns Expected=2ms Scheduling Drift(ns)=-1999800
✅ Deadline met: 200ns
?? INCOMING BOT event id=306bda9c-977c-4cee-8819-a8cdff15708d user=Some("SuperGrey-bot") bot=Some(true) server=Some("zh.wikisource.org")
📤 DEQUEUE BOT event id=ce8be200-fb83-495c-af2d-7b6012bac2dc user=Some("SchlurcherBot") bot=Some(true) server=Some("commons.wikimedia.org")
➕ ENQUEUE BOT event id=306bda9c-977c-4cee-8819-a8cdff15708d user=Some("SuperGrey-bot") bot=Some(true) server=Some("zh.wikisource.org")
⏱ BOT Actual=200ns Expected=2ms Scheduling Drift(ns)=-1999800
?? INCOMING BOT event id=c07f944f-2ce2-4b06-a975-87a57e49df50 user=Some("SuperGrey-bot") bot=Some(true) server=Some("zh.wikisource.org")
✅ Deadline met: 200ns
➕ ENQUEUE BOT event id=c07f944f-2ce2-4b06-a975-87a57e49df50 user=Some("SuperGrey-bot") bot=Some(true) server=Some("zh.wikisource.org")
📤 DEQUEUE BOT event id=306bda9c-977c-4cee-8819-a8cdff15708d user=Some("SuperGrey-bot") bot=Some(true) server=Some("zh.wikisource.org")?? INCOMING BOT event id=cef19b71-9ca8-4d76-b4fd-a361dc47f540 user=Some("SuperGrey-bot") bot=Some(true) server=Some("zh.wikisource.org")

⏱ BOT Actual=200ns Expected=2ms Scheduling Drift(ns)=-1999800
➕ ENQUEUE BOT event id=cef19b71-9ca8-4d76-b4fd-a361dc47f540 user=Some("SuperGrey-bot") bot=Some(true) server=Some("zh.wikisource.org")
✅ Deadline met: 200ns
?? INCOMING BOT event id=1fb1bcb5-13d6-449e-b0c0-ab752ee63a9f user=Some("SuperGrey-bot") bot=Some(true) server=Some("zh.wikisource.org")
📤 DEQUEUE BOT event id=c07f944f-2ce2-4b06-a975-87a57e49df50 user=Some("SuperGrey-bot") bot=Some(true) server=Some("zh.wikisource.org")
➕ ENQUEUE BOT event id=1fb1bcb5-13d6-449e-b0c0-ab752ee63a9f user=Some("SuperGrey-bot") bot=Some(true) server=Some("zh.wikisource.org")
⏱ BOT Actual=100ns Expected=2ms Scheduling Drift(ns)=-1999900
✅ Deadline met: 100ns
?? INCOMING HUMAN event id=9e2b78de-751d-4ae9-aaa6-cb23fdb533d2 user=Some("FastCube") bot=Some(false) server=Some("en.wikipedia.org")
📤 DEQUEUE BOT event id=cef19b71-9ca8-4d76-b4fd-a361dc47f540 user=Some("SuperGrey-bot") bot=Some(true) server=Some("zh.wikisource.org")
➕ ENQUEUE HUMAN event id=9e2b78de-751d-4ae9-aaa6-cb23fdb533d2 user=Some("FastCube") bot=Some(false) server=Some("en.wikipedia.org")
⏱ BOT Actual=200ns Expected=2ms Scheduling Drift(ns)=-1999800
?? INCOMING BOT event id=f46d54ba-8640-4301-9908-983b78036d5e user=Some("SuperGrey-bot") bot=Some(true) server=Some("zh.wikisource.org")
✅ Deadline met: 200ns
➕ ENQUEUE BOT event id=f46d54ba-8640-4301-9908-983b78036d5e user=Some("SuperGrey-bot") bot=Some(true) server=Some("zh.wikisource.org")
📤 DEQUEUE HUMAN event id=9e2b78de-751d-4ae9-aaa6-cb23fdb533d2 user=Some("FastCube") bot=Some(false) server=Some("en.wikipedia.org")
⏱ HUMAN Actual=300ns Expected=2ms Scheduling Drift(ns)=-1999700
?? INCOMING BOT event id=e25f32a0-03f1-4827-aaa8-71483d2b45bf user=Some("Emijrpbot") bot=Some(true) server=Some("commons.wikimedia.org")
✅ Deadline met: 300ns
[1778248920.328584000] OVERFLOW DROP BOT dropped=[event id=1fb1bcb5-13d6-449e-b0c0-ab752ee63a9f user=Some("SuperGrey-bot") bot=Some(true) server=Some("zh.wikisource.org")] incoming=[event id=e25f32a0-03f1-4827-aaa8-71483d2b45bf user=Some("Emijrpbot") bot=Some(true) server=Some("commons.wikimedia.org")]
📤 DEQUEUE BOT event id=f46d54ba-8640-4301-9908-983b78036d5e user=Some("SuperGrey-bot") bot=Some(true) server=Some("zh.wikisource.org")
➕ ENQUEUE BOT event id=e25f32a0-03f1-4827-aaa8-71483d2b45bf user=Some("Emijrpbot") bot=Some(true) server=Some("commons.wikimedia.org")
⏱ BOT Actual=200ns Expected=2ms Scheduling Drift(ns)=-1999800
✅ Deadline met: 200ns
📤 DEQUEUE BOT event id=e25f32a0-03f1-4827-aaa8-71483d2b45bf user=Some("Emijrpbot") bot=Some(true) server=Some("commons.wikimedia.org")
⏱ BOT Actual=300ns Expected=2ms Scheduling Drift(ns)=-1999700
✅ Deadline met: 300ns
?? INCOMING BOT event id=eaa8e9d7-7d29-4d8e-8ccb-e790c90a6e50 user=Some("SuperGrey-bot") bot=Some(true) server=Some("zh.wikisource.org")
➕ ENQUEUE BOT event id=eaa8e9d7-7d29-4d8e-8ccb-e790c90a6e50 user=Some("SuperGrey-bot") bot=Some(true) server=Some("zh.wikisource.org")
📤 DEQUEUE BOT event id=eaa8e9d7-7d29-4d8e-8ccb-e790c90a6e50 user=Some("SuperGrey-bot") bot=Some(true) server=Some("zh.wikisource.org")
?? INCOMING BOT event id=6da7b9fd-4385-4606-8199-839d464f6262 user=Some("DPLA bot") bot=Some(true) server=Some("commons.wikimedia.org")
⏱ BOT Actual=100ns Expected=2ms Scheduling Drift(ns)=-1999900
➕ ENQUEUE BOT event id=6da7b9fd-4385-4606-8199-839d464f6262 user=Some("DPLA bot") bot=Some(true) server=Some("commons.wikimedia.org")
✅ Deadline met: 100ns
?? INCOMING BOT event id=e7a2b2f5-e0eb-4182-a721-1ce34a230501 user=Some("UrduBot") bot=Some(true) server=Some("ur.wikipedia.org")
📤 DEQUEUE BOT event id=6da7b9fd-4385-4606-8199-839d464f6262 user=Some("DPLA bot") bot=Some(true) server=Some("commons.wikimedia.org")
➕ ENQUEUE BOT event id=e7a2b2f5-e0eb-4182-a721-1ce34a230501 user=Some("UrduBot") bot=Some(true) server=Some("ur.wikipedia.org")
⏱ BOT Actual=100ns Expected=2ms Scheduling Drift(ns)=-1999900
✅ Deadline met: 100ns
?? INCOMING BOT event id=10893648-4d7c-4eef-8e68-169777fd5a84 user=Some("Emijrpbot") bot=Some(true) server=Some("commons.wikimedia.org")
📤 DEQUEUE BOT event id=e7a2b2f5-e0eb-4182-a721-1ce34a230501 user=Some("UrduBot") bot=Some(true) server=Some("ur.wikipedia.org")
➕ ENQUEUE BOT event id=10893648-4d7c-4eef-8e68-169777fd5a84 user=Some("Emijrpbot") bot=Some(true) server=Some("commons.wikimedia.org")
⏱ BOT Actual=300ns Expected=2ms Scheduling Drift(ns)=-1999700
?? INCOMING BOT event id=9c867aee-1dce-4465-966e-7b85cc5920d8 user=Some("SchlurcherBot") bot=Some(true) server=Some("commons.wikimedia.org")
✅ Deadline met: 300ns
➕ ENQUEUE BOT event id=9c867aee-1dce-4465-966e-7b85cc5920d8 user=Some("SchlurcherBot") bot=Some(true) server=Some("commons.wikimedia.org")
📤 DEQUEUE BOT event id=10893648-4d7c-4eef-8e68-169777fd5a84 user=Some("Emijrpbot") bot=Some(true) server=Some("commons.wikimedia.org")
⏱ BOT Actual=300ns Expected=2ms Scheduling Drift(ns)=-1999700
?? INCOMING HUMAN event id=9ca4fe15-7d3d-427f-871c-0b9cf1cdeca4 user=Some("~2026-25166-48") bot=Some(false) server=Some("www.wikidata.org")
✅ Deadline met: 300ns
➕ ENQUEUE HUMAN event id=9ca4fe15-7d3d-427f-871c-0b9cf1cdeca4 user=Some("~2026-25166-48") bot=Some(false) server=Some("www.wikidata.org")
📤 DEQUEUE HUMAN event id=9ca4fe15-7d3d-427f-871c-0b9cf1cdeca4 user=Some("~2026-25166-48") bot=Some(false) server=Some("www.wikidata.org")
⏱ HUMAN Actual=500ns Expected=2ms Scheduling Drift(ns)=-1999500
✅ Deadline met: 500ns
?? INCOMING HUMAN event id=be18ed03-6e45-4220-8221-87d9dfb9e9ab user=Some("Slava Sahakyan70") bot=Some(false) server=Some("hy.wikipedia.org")
📤 DEQUEUE BOT event id=9c867aee-1dce-4465-966e-7b85cc5920d8 user=Some("SchlurcherBot") bot=Some(true) server=Some("commons.wikimedia.org")
➕ ENQUEUE HUMAN event id=be18ed03-6e45-4220-8221-87d9dfb9e9ab user=Some("Slava Sahakyan70") bot=Some(false) server=Some("hy.wikipedia.org")
⏱ BOT Actual=400ns Expected=2ms Scheduling Drift(ns)=-1999600
?? INCOMING HUMAN event id=60c566e3-021f-4e0a-b71b-c69019a7079a user=Some("~2026-27480-82") bot=Some(false) server=Some("ru.wikipedia.org")
✅ Deadline met: 400ns
➕ ENQUEUE HUMAN event id=60c566e3-021f-4e0a-b71b-c69019a7079a user=Some("~2026-27480-82") bot=Some(false) server=Some("ru.wikipedia.org")
📤 DEQUEUE HUMAN event id=be18ed03-6e45-4220-8221-87d9dfb9e9ab user=Some("Slava Sahakyan70") bot=Some(false) server=Some("hy.wikipedia.org")
⏱ HUMAN Actual=400ns Expected=2ms Scheduling Drift(ns)=-1999600
?? INCOMING BOT event id=d49c6823-c12e-4092-bdc1-5c1454c1540b user=Some("SchlurcherBot") bot=Some(true) server=Some("commons.wikimedia.org")
✅ Deadline met: 400ns
➕ ENQUEUE BOT event id=d49c6823-c12e-4092-bdc1-5c1454c1540b user=Some("SchlurcherBot") bot=Some(true) server=Some("commons.wikimedia.org")
📤 DEQUEUE HUMAN event id=60c566e3-021f-4e0a-b71b-c69019a7079a user=Some("~2026-27480-82") bot=Some(false) server=Some("ru.wikipedia.org")
⏱ HUMAN Actual=300ns Expected=2ms Scheduling Drift(ns)=-1999700
✅ Deadline met: 300ns
📤 DEQUEUE BOT event id=d49c6823-c12e-4092-bdc1-5c1454c1540b user=Some("SchlurcherBot") bot=Some(true) server=Some("commons.wikimedia.org")
⏱ BOT Actual=300ns Expected=2ms Scheduling Drift(ns)=-1999700
✅ Deadline met: 300ns
?? INCOMING BOT event id=8a03e88e-bc04-48b6-9c21-5c30fbed9db1 user=Some("Zabe") bot=Some(true) server=Some("en.wikinews.org")
➕ ENQUEUE BOT event id=8a03e88e-bc04-48b6-9c21-5c30fbed9db1 user=Some("Zabe") bot=Some(true) server=Some("en.wikinews.org")
📤 DEQUEUE BOT event id=8a03e88e-bc04-48b6-9c21-5c30fbed9db1 user=Some("Zabe") bot=Some(true) server=Some("en.wikinews.org")
⏱ BOT Actual=300ns Expected=2ms Scheduling Drift(ns)=-1999700
?? INCOMING HUMAN event id=0b500ed8-47aa-4e31-b950-a50e1bff38c1 user=Some("Anushka10patel") bot=Some(false) server=Some("commons.wikimedia.org")
✅ Deadline met: 300ns
➕ ENQUEUE HUMAN event id=0b500ed8-47aa-4e31-b950-a50e1bff38c1 user=Some("Anushka10patel") bot=Some(false) server=Some("commons.wikimedia.org")
📤 DEQUEUE HUMAN event id=0b500ed8-47aa-4e31-b950-a50e1bff38c1 user=Some("Anushka10patel") bot=Some(false) server=Some("commons.wikimedia.org")
⏱ HUMAN Actual=400ns Expected=2ms Scheduling Drift(ns)=-1999600
✅ Deadline met: 400ns
?? INCOMING HUMAN event id=8bbed322-1bfb-40e9-938b-34f103356712 user=Some("KalmanPiper") bot=Some(false) server=Some("www.wikidata.org")
➕ ENQUEUE HUMAN event id=8bbed322-1bfb-40e9-938b-34f103356712 user=Some("KalmanPiper") bot=Some(false) server=Some("www.wikidata.org")
📤 DEQUEUE HUMAN event id=8bbed322-1bfb-40e9-938b-34f103356712 user=Some("KalmanPiper") bot=Some(false) server=Some("www.wikidata.org")
?? INCOMING HUMAN event id=503fc870-297c-49cb-a3f6-2cdd104fd2e0 user=Some("AHendriksen-collecties") bot=Some(false) server=Some("commons.wikimedia.org")
⏱ HUMAN Actual=200ns Expected=2ms Scheduling Drift(ns)=-1999800
➕ ENQUEUE HUMAN event id=503fc870-297c-49cb-a3f6-2cdd104fd2e0 user=Some("AHendriksen-collecties") bot=Some(false) server=Some("commons.wikimedia.org")
✅ Deadline met: 200ns
📤 DEQUEUE HUMAN event id=503fc870-297c-49cb-a3f6-2cdd104fd2e0 user=Some("AHendriksen-collecties") bot=Some(false) server=Some("commons.wikimedia.org")
⏱ HUMAN Actual=300ns Expected=2ms Scheduling Drift(ns)=-1999700
?? INCOMING BOT event id=4dea30ec-506e-40a7-88cc-e43c8c8484f5 user=Some("SuperGrey-bot") bot=Some(true) server=Some("zh.wikisource.org")
✅ Deadline met: 300ns
➕ ENQUEUE BOT event id=4dea30ec-506e-40a7-88cc-e43c8c8484f5 user=Some("SuperGrey-bot") bot=Some(true) server=Some("zh.wikisource.org")
📤 DEQUEUE BOT event id=4dea30ec-506e-40a7-88cc-e43c8c8484f5 user=Some("SuperGrey-bot") bot=Some(true) server=Some("zh.wikisource.org")
?? INCOMING BOT event id=ce7aafb1-b1f8-4e3b-9da9-2a01c8bf2277 user=Some("SchlurcherBot") bot=Some(true) server=Some("commons.wikimedia.org")
⏱ BOT Actual=100ns Expected=2ms Scheduling Drift(ns)=-1999900
➕ ENQUEUE BOT event id=ce7aafb1-b1f8-4e3b-9da9-2a01c8bf2277 user=Some("SchlurcherBot") bot=Some(true) server=Some("commons.wikimedia.org")
✅ Deadline met: 100ns
📤 DEQUEUE BOT event id=ce7aafb1-b1f8-4e3b-9da9-2a01c8bf2277 user=Some("SchlurcherBot") bot=Some(true) server=Some("commons.wikimedia.org")
?? INCOMING HUMAN event id=93f1f582-c36a-45e8-b382-ab49ff85c05c user=Some("KalmanPiper") bot=Some(false) server=Some("www.wikidata.org")
⏱ BOT Actual=200ns Expected=2ms Scheduling Drift(ns)=-1999800
➕ ENQUEUE HUMAN event id=93f1f582-c36a-45e8-b382-ab49ff85c05c user=Some("KalmanPiper") bot=Some(false) server=Some("www.wikidata.org")
✅ Deadline met: 200ns
?? INCOMING BOT event id=8c0386b5-1e49-4c23-b8a2-7e0de7ca5589 user=Some("Zabe") bot=Some(true) server=Some("en.wikinews.org")
📤 DEQUEUE HUMAN event id=93f1f582-c36a-45e8-b382-ab49ff85c05c user=Some("KalmanPiper") bot=Some(false) server=Some("www.wikidata.org")
➕ ENQUEUE BOT event id=8c0386b5-1e49-4c23-b8a2-7e0de7ca5589 user=Some("Zabe") bot=Some(true) server=Some("en.wikinews.org")
⏱ HUMAN Actual=200ns Expected=2ms Scheduling Drift(ns)=-1999800
?? INCOMING BOT event id=bb6b1ba1-64b9-4e13-91c8-ab815c72302e user=Some("DPLA bot") bot=Some(true) server=Some("commons.wikimedia.org")
✅ Deadline met: 200ns
➕ ENQUEUE BOT event id=bb6b1ba1-64b9-4e13-91c8-ab815c72302e user=Some("DPLA bot") bot=Some(true) server=Some("commons.wikimedia.org")
📤 DEQUEUE BOT event id=8c0386b5-1e49-4c23-b8a2-7e0de7ca5589 user=Some("Zabe") bot=Some(true) server=Some("en.wikinews.org")
⏱ BOT Actual=300ns Expected=2ms Scheduling Drift(ns)=-1999700
✅ Deadline met: 300ns
📤 DEQUEUE BOT event id=bb6b1ba1-64b9-4e13-91c8-ab815c72302e user=Some("DPLA bot") bot=Some(true) server=Some("commons.wikimedia.org")
⏱ BOT Actual=300ns Expected=2ms Scheduling Drift(ns)=-1999700
✅ Deadline met: 300ns
?? INCOMING BOT event id=90d6deda-317f-424a-bd3e-72f7d986c0c6 user=Some("DPLA bot") bot=Some(true) server=Some("commons.wikimedia.org")
➕ ENQUEUE BOT event id=90d6deda-317f-424a-bd3e-72f7d986c0c6 user=Some("DPLA bot") bot=Some(true) server=Some("commons.wikimedia.org")
📤 DEQUEUE BOT event id=90d6deda-317f-424a-bd3e-72f7d986c0c6 user=Some("DPLA bot") bot=Some(true) server=Some("commons.wikimedia.org")
?? INCOMING BOT event id=391ffc62-0e2c-4c73-a6db-f365b197cdc0 user=Some("DPLA bot") bot=Some(true) server=Some("commons.wikimedia.org")
⏱ BOT Actual=100ns Expected=2ms Scheduling Drift(ns)=-1999900
➕ ENQUEUE BOT event id=391ffc62-0e2c-4c73-a6db-f365b197cdc0 user=Some("DPLA bot") bot=Some(true) server=Some("commons.wikimedia.org")
✅ Deadline met: 100ns
📤 DEQUEUE BOT event id=391ffc62-0e2c-4c73-a6db-f365b197cdc0 user=Some("DPLA bot") bot=Some(true) server=Some("commons.wikimedia.org")
?? INCOMING BOT event id=717be0df-e12a-434b-a143-2666a9655305 user=Some("Bot de pluie") bot=Some(true) server=Some("fr.wikipedia.org")
⏱ BOT Actual=100ns Expected=2ms Scheduling Drift(ns)=-1999900
➕ ENQUEUE BOT event id=717be0df-e12a-434b-a143-2666a9655305 user=Some("Bot de pluie") bot=Some(true) server=Some("fr.wikipedia.org")
✅ Deadline met: 100ns
?? INCOMING HUMAN event id=77979944-5e23-4fb4-bfa5-57c7bf63176e user=Some("~2026-27969-98") bot=Some(false) server=Some("it.wikipedia.org")
📤 DEQUEUE BOT event id=717be0df-e12a-434b-a143-2666a9655305 user=Some("Bot de pluie") bot=Some(true) server=Some("fr.wikipedia.org")
➕ ENQUEUE HUMAN event id=77979944-5e23-4fb4-bfa5-57c7bf63176e user=Some("~2026-27969-98") bot=Some(false) server=Some("it.wikipedia.org")
⏱ BOT Actual=200ns Expected=2ms Scheduling Drift(ns)=-1999800
✅ Deadline met: 200ns
?? INCOMING BOT event id=d4a33cfd-bd79-4443-a7b5-9b00293e0307 user=Some("SchlurcherBot") bot=Some(true) server=Some("commons.wikimedia.org")
📤 DEQUEUE HUMAN event id=77979944-5e23-4fb4-bfa5-57c7bf63176e user=Some("~2026-27969-98") bot=Some(false) server=Some("it.wikipedia.org")
➕ ENQUEUE BOT event id=d4a33cfd-bd79-4443-a7b5-9b00293e0307 user=Some("SchlurcherBot") bot=Some(true) server=Some("commons.wikimedia.org")
⏱ HUMAN Actual=500ns Expected=2ms Scheduling Drift(ns)=-1999500
✅ Deadline met: 500ns
?? INCOMING BOT event id=20b41af0-ec9f-4406-926a-47e83db85ad3 user=Some("DPLA bot") bot=Some(true) server=Some("commons.wikimedia.org")
📤 DEQUEUE BOT event id=d4a33cfd-bd79-4443-a7b5-9b00293e0307 user=Some("SchlurcherBot") bot=Some(true) server=Some("commons.wikimedia.org")
➕ ENQUEUE BOT event id=20b41af0-ec9f-4406-926a-47e83db85ad3 user=Some("DPLA bot") bot=Some(true) server=Some("commons.wikimedia.org")
⏱ BOT Actual=100ns Expected=2ms Scheduling Drift(ns)=-1999900
?? INCOMING BOT event id=e97f1587-aacd-4bc9-9c70-c776210d6cc1 user=Some("Emijrpbot") bot=Some(true) server=Some("commons.wikimedia.org")
✅ Deadline met: 100ns
➕ ENQUEUE BOT event id=e97f1587-aacd-4bc9-9c70-c776210d6cc1 user=Some("Emijrpbot") bot=Some(true) server=Some("commons.wikimedia.org")
📤 DEQUEUE BOT event id=20b41af0-ec9f-4406-926a-47e83db85ad3 user=Some("DPLA bot") bot=Some(true) server=Some("commons.wikimedia.org")
⏱ BOT Actual=0ns Expected=2ms Scheduling Drift(ns)=-2000000
?? INCOMING BOT event id=03638737-6cbf-4020-9644-e63450e2fa78 user=Some("DPLA bot") bot=Some(true) server=Some("commons.wikimedia.org")
✅ Deadline met: 0ns
➕ ENQUEUE BOT event id=03638737-6cbf-4020-9644-e63450e2fa78 user=Some("DPLA bot") bot=Some(true) server=Some("commons.wikimedia.org")
📤 DEQUEUE BOT event id=e97f1587-aacd-4bc9-9c70-c776210d6cc1 user=Some("Emijrpbot") bot=Some(true) server=Some("commons.wikimedia.org")
⏱ BOT Actual=300ns Expected=2ms Scheduling Drift(ns)=-1999700
?? INCOMING BOT event id=f63ee7d3-27b0-4f97-83c4-bdf8eeca18d5 user=Some("DPLA bot") bot=Some(true) server=Some("commons.wikimedia.org")
✅ Deadline met: 300ns
➕ ENQUEUE BOT event id=f63ee7d3-27b0-4f97-83c4-bdf8eeca18d5 user=Some("DPLA bot") bot=Some(true) server=Some("commons.wikimedia.org")
📤 DEQUEUE BOT event id=03638737-6cbf-4020-9644-e63450e2fa78 user=Some("DPLA bot") bot=Some(true) server=Some("commons.wikimedia.org")
⏱ BOT Actual=200ns Expected=2ms Scheduling Drift(ns)=-1999800
?? INCOMING BOT event id=7df24bf7-de39-4dc5-bb43-2cd776b6de4d user=Some("SuperGrey-bot") bot=Some(true) server=Some("zh.wikisource.org")
✅ Deadline met: 200ns
➕ ENQUEUE BOT event id=7df24bf7-de39-4dc5-bb43-2cd776b6de4d user=Some("SuperGrey-bot") bot=Some(true) server=Some("zh.wikisource.org")
📤 DEQUEUE BOT event id=f63ee7d3-27b0-4f97-83c4-bdf8eeca18d5 user=Some("DPLA bot") bot=Some(true) server=Some("commons.wikimedia.org")
⏱ BOT Actual=300ns Expected=2ms Scheduling Drift(ns)=-1999700
✅ Deadline met: 300ns
📤 DEQUEUE BOT event id=7df24bf7-de39-4dc5-bb43-2cd776b6de4d user=Some("SuperGrey-bot") bot=Some(true) server=Some("zh.wikisource.org")
⏱ BOT Actual=300ns Expected=2ms Scheduling Drift(ns)=-1999700
✅ Deadline met: 300ns
?? INCOMING BOT event id=8e4fcd9b-99fa-4d6f-af0b-a45b0ae67008 user=Some("SuperGrey-bot") bot=Some(true) server=Some("zh.wikisource.org")
➕ ENQUEUE BOT event id=8e4fcd9b-99fa-4d6f-af0b-a45b0ae67008 user=Some("SuperGrey-bot") bot=Some(true) server=Some("zh.wikisource.org")
📤 DEQUEUE BOT event id=8e4fcd9b-99fa-4d6f-af0b-a45b0ae67008 user=Some("SuperGrey-bot") bot=Some(true) server=Some("zh.wikisource.org")
?? INCOMING HUMAN event id=67886003-c140-4cbf-a920-1d9f64b297e3 user=Some("Genium") bot=Some(false) server=Some("commons.wikimedia.org")
⏱ BOT Actual=200ns Expected=2ms Scheduling Drift(ns)=-1999800
➕ ENQUEUE HUMAN event id=67886003-c140-4cbf-a920-1d9f64b297e3 user=Some("Genium") bot=Some(false) server=Some("commons.wikimedia.org")
✅ Deadline met: 200ns
📤 DEQUEUE HUMAN event id=67886003-c140-4cbf-a920-1d9f64b297e3 user=Some("Genium") bot=Some(false) server=Some("commons.wikimedia.org")
?? INCOMING HUMAN event id=d9949387-780d-46fa-9822-167cfb6adbf1 user=Some("Ds2320") bot=Some(false) server=Some("www.wikidata.org")
⏱ HUMAN Actual=300ns Expected=2ms Scheduling Drift(ns)=-1999700
➕ ENQUEUE HUMAN event id=d9949387-780d-46fa-9822-167cfb6adbf1 user=Some("Ds2320") bot=Some(false) server=Some("www.wikidata.org")
✅ Deadline met: 300ns
📤 DEQUEUE HUMAN event id=d9949387-780d-46fa-9822-167cfb6adbf1 user=Some("Ds2320") bot=Some(false) server=Some("www.wikidata.org")
?? INCOMING BOT event id=40657469-a0e3-4066-bd25-5eada6a4ac1b user=Some("SuperGrey-bot") bot=Some(true) server=Some("zh.wikisource.org")
⏱ HUMAN Actual=300ns Expected=2ms Scheduling Drift(ns)=-1999700
➕ ENQUEUE BOT event id=40657469-a0e3-4066-bd25-5eada6a4ac1b user=Some("SuperGrey-bot") bot=Some(true) server=Some("zh.wikisource.org")
✅ Deadline met: 300ns
📤 DEQUEUE BOT event id=40657469-a0e3-4066-bd25-5eada6a4ac1b user=Some("SuperGrey-bot") bot=Some(true) server=Some("zh.wikisource.org")
?? INCOMING BOT event id=c773aacb-63dd-42b9-9250-6b29a2b1080c user=Some("SuperGrey-bot") bot=Some(true) server=Some("zh.wikisource.org")
⏱ BOT Actual=100ns Expected=2ms Scheduling Drift(ns)=-1999900
➕ ENQUEUE BOT event id=c773aacb-63dd-42b9-9250-6b29a2b1080c user=Some("SuperGrey-bot") bot=Some(true) server=Some("zh.wikisource.org")
✅ Deadline met: 100ns
?? INCOMING BOT event id=227fedca-d85c-48aa-9aa6-d4e4bcf9487f user=Some("SchlurcherBot") bot=Some(true) server=Some("commons.wikimedia.org")
📤 DEQUEUE BOT event id=c773aacb-63dd-42b9-9250-6b29a2b1080c user=Some("SuperGrey-bot") bot=Some(true) server=Some("zh.wikisource.org")
➕ ENQUEUE BOT event id=227fedca-d85c-48aa-9aa6-d4e4bcf9487f user=Some("SchlurcherBot") bot=Some(true) server=Some("commons.wikimedia.org")
⏱ BOT Actual=100ns Expected=2ms Scheduling Drift(ns)=-1999900
✅ Deadline met: 100ns
?? INCOMING BOT event id=cf064528-2561-495b-91a0-77ce05eeb2da user=Some("DOPBot") bot=Some(true) server=Some("commons.wikimedia.org")
📤 DEQUEUE BOT event id=227fedca-d85c-48aa-9aa6-d4e4bcf9487f user=Some("SchlurcherBot") bot=Some(true) server=Some("commons.wikimedia.org")➕ ENQUEUE BOT event id=cf064528-2561-495b-91a0-77ce05eeb2da user=Some("DOPBot") bot=Some(true) server=Some("commons.wikimedia.org")

?? INCOMING HUMAN event id=54b32df0-ef8e-45b1-bfcd-e3f691e17735 user=Some("CassiJevenn") bot=Some(false) server=Some("fr.wikipedia.org")
⏱ BOT Actual=100ns Expected=2ms Scheduling Drift(ns)=-1999900
➕ ENQUEUE HUMAN event id=54b32df0-ef8e-45b1-bfcd-e3f691e17735 user=Some("CassiJevenn") bot=Some(false) server=Some("fr.wikipedia.org")
✅ Deadline met: 100ns
📤 DEQUEUE HUMAN event id=54b32df0-ef8e-45b1-bfcd-e3f691e17735 user=Some("CassiJevenn") bot=Some(false) server=Some("fr.wikipedia.org")
?? INCOMING HUMAN event id=ed7fafd6-51fb-47b7-a9c6-a02fa8039aa7 user=Some("Jeb") bot=Some(false) server=Some("de.wikisource.org")
⏱ HUMAN Actual=200ns Expected=2ms Scheduling Drift(ns)=-1999800
➕ ENQUEUE HUMAN event id=ed7fafd6-51fb-47b7-a9c6-a02fa8039aa7 user=Some("Jeb") bot=Some(false) server=Some("de.wikisource.org")
✅ Deadline met: 200ns
📤 DEQUEUE HUMAN event id=ed7fafd6-51fb-47b7-a9c6-a02fa8039aa7 user=Some("Jeb") bot=Some(false) server=Some("de.wikisource.org")
⏱ HUMAN Actual=200ns Expected=2ms Scheduling Drift(ns)=-1999800
?? INCOMING HUMAN event id=5b98bf9d-6080-48ee-b536-c4481b4819e1 user=Some("Genium") bot=Some(false) server=Some("commons.wikimedia.org")
✅ Deadline met: 200ns
➕ ENQUEUE HUMAN event id=5b98bf9d-6080-48ee-b536-c4481b4819e1 user=Some("Genium") bot=Some(false) server=Some("commons.wikimedia.org")
📤 DEQUEUE HUMAN event id=5b98bf9d-6080-48ee-b536-c4481b4819e1 user=Some("Genium") bot=Some(false) server=Some("commons.wikimedia.org")
?? INCOMING HUMAN event id=a2ce4873-e783-4f82-9ce6-8dadc4f59974 user=Some("KashanAbbas") bot=Some(false) server=Some("en.wikipedia.org")
⏱ HUMAN Actual=200ns Expected=2ms Scheduling Drift(ns)=-1999800
➕ ENQUEUE HUMAN event id=a2ce4873-e783-4f82-9ce6-8dadc4f59974 user=Some("KashanAbbas") bot=Some(false) server=Some("en.wikipedia.org")
✅ Deadline met: 200ns
📤 DEQUEUE HUMAN event id=a2ce4873-e783-4f82-9ce6-8dadc4f59974 user=Some("KashanAbbas") bot=Some(false) server=Some("en.wikipedia.org")
⏱ HUMAN Actual=300ns Expected=2ms Scheduling Drift(ns)=-1999700
✅ Deadline met: 300ns
📤 DEQUEUE BOT event id=cf064528-2561-495b-91a0-77ce05eeb2da user=Some("DOPBot") bot=Some(true) server=Some("commons.wikimedia.org")
⏱ BOT Actual=0ns Expected=2ms Scheduling Drift(ns)=-2000000
✅ Deadline met: 0ns
?? INCOMING HUMAN event id=8d51d788-ae6e-456f-a89d-fe21eb89f716 user=Some("~2026-27455-82") bot=Some(false) server=Some("it.wikipedia.org")
➕ ENQUEUE HUMAN event id=8d51d788-ae6e-456f-a89d-fe21eb89f716 user=Some("~2026-27455-82") bot=Some(false) server=Some("it.wikipedia.org")
📤 DEQUEUE HUMAN event id=8d51d788-ae6e-456f-a89d-fe21eb89f716 user=Some("~2026-27455-82") bot=Some(false) server=Some("it.wikipedia.org")
?? INCOMING HUMAN event id=860bc451-96cb-463d-9703-ef3aed81f463 user=Some("Cdjp1") bot=Some(false) server=Some("en.wikipedia.org")
⏱ HUMAN Actual=5µs Expected=2ms Scheduling Drift(ns)=-1995000
➕ ENQUEUE HUMAN event id=860bc451-96cb-463d-9703-ef3aed81f463 user=Some("Cdjp1") bot=Some(false) server=Some("en.wikipedia.org")
✅ Deadline met: 5µs
📤 DEQUEUE HUMAN event id=860bc451-96cb-463d-9703-ef3aed81f463 user=Some("Cdjp1") bot=Some(false) server=Some("en.wikipedia.org")
?? INCOMING HUMAN event id=9e863036-9f50-4389-a54d-eb9e93d43058 user=Some("~2026-23412-42") bot=Some(false) server=Some("en.wikipedia.org")
⏱ HUMAN Actual=200ns Expected=2ms Scheduling Drift(ns)=-1999800
➕ ENQUEUE HUMAN event id=9e863036-9f50-4389-a54d-eb9e93d43058 user=Some("~2026-23412-42") bot=Some(false) server=Some("en.wikipedia.org")
✅ Deadline met: 200ns
?? INCOMING HUMAN event id=0567de35-41f7-4880-8fe2-9ada1b3e2d6a user=Some("Cdjp1") bot=Some(false) server=Some("en.wikipedia.org")
📤 DEQUEUE HUMAN event id=9e863036-9f50-4389-a54d-eb9e93d43058 user=Some("~2026-23412-42") bot=Some(false) server=Some("en.wikipedia.org")
➕ ENQUEUE HUMAN event id=0567de35-41f7-4880-8fe2-9ada1b3e2d6a user=Some("Cdjp1") bot=Some(false) server=Some("en.wikipedia.org")
⏱ HUMAN Actual=200ns Expected=2ms Scheduling Drift(ns)=-1999800
?? INCOMING BOT event id=06f706a8-c15b-4564-a74a-dd6df2a6edb8 user=Some("SuperGrey-bot") bot=Some(true) server=Some("zh.wikisource.org")
✅ Deadline met: 200ns
➕ ENQUEUE BOT event id=06f706a8-c15b-4564-a74a-dd6df2a6edb8 user=Some("SuperGrey-bot") bot=Some(true) server=Some("zh.wikisource.org")
📤 DEQUEUE HUMAN event id=0567de35-41f7-4880-8fe2-9ada1b3e2d6a user=Some("Cdjp1") bot=Some(false) server=Some("en.wikipedia.org")
?? INCOMING BOT event id=35c2d691-4025-4737-998e-ab8f1ef05206 user=Some("SuperGrey-bot") bot=Some(true) server=Some("zh.wikisource.org")
⏱ HUMAN Actual=400ns Expected=2ms Scheduling Drift(ns)=-1999600
➕ ENQUEUE BOT event id=35c2d691-4025-4737-998e-ab8f1ef05206 user=Some("SuperGrey-bot") bot=Some(true) server=Some("zh.wikisource.org")
✅ Deadline met: 400ns
📤 DEQUEUE BOT event id=06f706a8-c15b-4564-a74a-dd6df2a6edb8 user=Some("SuperGrey-bot") bot=Some(true) server=Some("zh.wikisource.org")
?? INCOMING BOT event id=fb371596-45b1-4eb5-bc73-aecbf47a122d user=Some("SuperGrey-bot") bot=Some(true) server=Some("zh.wikisource.org")
⏱ BOT Actual=100ns Expected=2ms Scheduling Drift(ns)=-1999900
➕ ENQUEUE BOT event id=fb371596-45b1-4eb5-bc73-aecbf47a122d user=Some("SuperGrey-bot") bot=Some(true) server=Some("zh.wikisource.org")
✅ Deadline met: 100ns
?? INCOMING BOT event id=95804cb0-c511-4740-9cc0-f8a8eb50b3c5 user=Some("SuperGrey-bot") bot=Some(true) server=Some("zh.wikisource.org")
📤 DEQUEUE BOT event id=35c2d691-4025-4737-998e-ab8f1ef05206 user=Some("SuperGrey-bot") bot=Some(true) server=Some("zh.wikisource.org")
➕ ENQUEUE BOT event id=95804cb0-c511-4740-9cc0-f8a8eb50b3c5 user=Some("SuperGrey-bot") bot=Some(true) server=Some("zh.wikisource.org")
⏱ BOT Actual=0ns Expected=2ms Scheduling Drift(ns)=-2000000
?? INCOMING BOT event id=c56b9c2d-0231-41aa-a9da-ad63418f252f user=Some("SuperGrey-bot") bot=Some(true) server=Some("zh.wikisource.org")
✅ Deadline met: 0ns
[1778248922.778966800] OVERFLOW DROP BOT dropped=[event id=fb371596-45b1-4eb5-bc73-aecbf47a122d user=Some("SuperGrey-bot") bot=Some(true) server=Some("zh.wikisource.org")] incoming=[event id=c56b9c2d-0231-41aa-a9da-ad63418f252f user=Some("SuperGrey-bot") bot=Some(true) server=Some("zh.wikisource.org")]
📤 DEQUEUE BOT event id=95804cb0-c511-4740-9cc0-f8a8eb50b3c5 user=Some("SuperGrey-bot") bot=Some(true) server=Some("zh.wikisource.org")
➕ ENQUEUE BOT event id=c56b9c2d-0231-41aa-a9da-ad63418f252f user=Some("SuperGrey-bot") bot=Some(true) server=Some("zh.wikisource.org")
⏱ BOT Actual=300ns Expected=2ms Scheduling Drift(ns)=-1999700
✅ Deadline met: 300ns
?? INCOMING BOT event id=c054f4ca-9ce6-4bb7-8b61-6d407c6806a8 user=Some("Emijrpbot") bot=Some(true) server=Some("commons.wikimedia.org")
📤 DEQUEUE BOT event id=c56b9c2d-0231-41aa-a9da-ad63418f252f user=Some("SuperGrey-bot") bot=Some(true) server=Some("zh.wikisource.org")
➕ ENQUEUE BOT event id=c054f4ca-9ce6-4bb7-8b61-6d407c6806a8 user=Some("Emijrpbot") bot=Some(true) server=Some("commons.wikimedia.org")
⏱ BOT Actual=400ns Expected=2ms Scheduling Drift(ns)=-1999600
✅ Deadline met: 400ns
📤 DEQUEUE BOT event id=c054f4ca-9ce6-4bb7-8b61-6d407c6806a8 user=Some("Emijrpbot") bot=Some(true) server=Some("commons.wikimedia.org")
⏱ BOT Actual=200ns Expected=2ms Scheduling Drift(ns)=-1999800
✅ Deadline met: 200ns
?? INCOMING BOT event id=224343c6-24d1-4fec-87ee-17fc7e2a4a8e user=Some("SuperGrey-bot") bot=Some(true) server=Some("zh.wikisource.org")
➕ ENQUEUE BOT event id=224343c6-24d1-4fec-87ee-17fc7e2a4a8e user=Some("SuperGrey-bot") bot=Some(true) server=Some("zh.wikisource.org")
📤 DEQUEUE BOT event id=224343c6-24d1-4fec-87ee-17fc7e2a4a8e user=Some("SuperGrey-bot") bot=Some(true) server=Some("zh.wikisource.org")
⏱ BOT Actual=200ns Expected=2ms Scheduling Drift(ns)=-1999800
✅ Deadline met: 200ns
?? INCOMING BOT event id=3a71a74c-1699-44cd-a2f8-21721b8aca31 user=Some("Zabe") bot=Some(true) server=Some("en.wikinews.org")
➕ ENQUEUE BOT event id=3a71a74c-1699-44cd-a2f8-21721b8aca31 user=Some("Zabe") bot=Some(true) server=Some("en.wikinews.org")
?? INCOMING BOT event id=6ee239f8-1cfa-4cbe-b0cc-cfb87d62e8e9 user=Some("DPLA bot") bot=Some(true) server=Some("commons.wikimedia.org")
📤 DEQUEUE BOT event id=3a71a74c-1699-44cd-a2f8-21721b8aca31 user=Some("Zabe") bot=Some(true) server=Some("en.wikinews.org")
➕ ENQUEUE BOT event id=6ee239f8-1cfa-4cbe-b0cc-cfb87d62e8e9 user=Some("DPLA bot") bot=Some(true) server=Some("commons.wikimedia.org")
⏱ BOT Actual=100ns Expected=2ms Scheduling Drift(ns)=-1999900
✅ Deadline met: 100ns
📤 DEQUEUE BOT event id=6ee239f8-1cfa-4cbe-b0cc-cfb87d62e8e9 user=Some("DPLA bot") bot=Some(true) server=Some("commons.wikimedia.org")
⏱ BOT Actual=200ns Expected=2ms Scheduling Drift(ns)=-1999800
✅ Deadline met: 200ns
?? INCOMING BOT event id=812c1b71-7d1b-4b33-a1b6-34c01387713c user=Some("DOPBot") bot=Some(true) server=Some("commons.wikimedia.org")
➕ ENQUEUE BOT event id=812c1b71-7d1b-4b33-a1b6-34c01387713c user=Some("DOPBot") bot=Some(true) server=Some("commons.wikimedia.org")
📤 DEQUEUE BOT event id=812c1b71-7d1b-4b33-a1b6-34c01387713c user=Some("DOPBot") bot=Some(true) server=Some("commons.wikimedia.org")
?? INCOMING HUMAN event id=b9806966-1f81-4b0b-a0fe-d93a0cecf80e user=Some("Reiser115") bot=Some(false) server=Some("ar.wikipedia.org")
⏱ BOT Actual=700ns Expected=2ms Scheduling Drift(ns)=-1999300
➕ ENQUEUE HUMAN event id=b9806966-1f81-4b0b-a0fe-d93a0cecf80e user=Some("Reiser115") bot=Some(false) server=Some("ar.wikipedia.org")
✅ Deadline met: 700ns
?? INCOMING HUMAN event id=a82e6d54-437a-418e-a63c-45f6a5c75e12 user=Some("Vineke") bot=Some(false) server=Some("fr.wikipedia.org")
📤 DEQUEUE HUMAN event id=b9806966-1f81-4b0b-a0fe-d93a0cecf80e user=Some("Reiser115") bot=Some(false) server=Some("ar.wikipedia.org")
➕ ENQUEUE HUMAN event id=a82e6d54-437a-418e-a63c-45f6a5c75e12 user=Some("Vineke") bot=Some(false) server=Some("fr.wikipedia.org")
⏱ HUMAN Actual=300ns Expected=2ms Scheduling Drift(ns)=-1999700
✅ Deadline met: 300ns
📤 DEQUEUE HUMAN event id=a82e6d54-437a-418e-a63c-45f6a5c75e12 user=Some("Vineke") bot=Some(false) server=Some("fr.wikipedia.org")
?? INCOMING HUMAN event id=990066e8-11c2-46fd-aec8-1fc9c655eab2 user=Some("AHendriksen-collecties") bot=Some(false) server=Some("commons.wikimedia.org")
⏱ HUMAN Actual=200ns Expected=2ms Scheduling Drift(ns)=-1999800
➕ ENQUEUE HUMAN event id=990066e8-11c2-46fd-aec8-1fc9c655eab2 user=Some("AHendriksen-collecties") bot=Some(false) server=Some("commons.wikimedia.org")
✅ Deadline met: 200ns
📤 DEQUEUE HUMAN event id=990066e8-11c2-46fd-aec8-1fc9c655eab2 user=Some("AHendriksen-collecties") bot=Some(false) server=Some("commons.wikimedia.org")
?? INCOMING BOT event id=7524ab5a-d71c-4032-8789-f8633632440a user=Some("SchlurcherBot") bot=Some(true) server=Some("commons.wikimedia.org")
⏱ HUMAN Actual=300ns Expected=2ms Scheduling Drift(ns)=-1999700
➕ ENQUEUE BOT event id=7524ab5a-d71c-4032-8789-f8633632440a user=Some("SchlurcherBot") bot=Some(true) server=Some("commons.wikimedia.org")
✅ Deadline met: 300ns
?? INCOMING HUMAN event id=3e76006c-4f16-4eb4-80b3-5454e76801c2 user=Some("DWY Sheng") bot=Some(false) server=Some("zh.wikipedia.org")
📤 DEQUEUE BOT event id=7524ab5a-d71c-4032-8789-f8633632440a user=Some("SchlurcherBot") bot=Some(true) server=Some("commons.wikimedia.org")
➕ ENQUEUE HUMAN event id=3e76006c-4f16-4eb4-80b3-5454e76801c2 user=Some("DWY Sheng") bot=Some(false) server=Some("zh.wikipedia.org")
⏱ BOT Actual=300ns Expected=2ms Scheduling Drift(ns)=-1999700
✅ Deadline met: 300ns
?? INCOMING HUMAN event id=decbf74f-7f11-41ce-986e-bf69d0fbf268 user=Some("MoQabot") bot=Some(false) server=Some("ar.wikipedia.org")
📤 DEQUEUE HUMAN event id=3e76006c-4f16-4eb4-80b3-5454e76801c2 user=Some("DWY Sheng") bot=Some(false) server=Some("zh.wikipedia.org")
➕ ENQUEUE HUMAN event id=decbf74f-7f11-41ce-986e-bf69d0fbf268 user=Some("MoQabot") bot=Some(false) server=Some("ar.wikipedia.org")
⏱ HUMAN Actual=300ns Expected=2ms Scheduling Drift(ns)=-1999700
✅ Deadline met: 300ns
?? INCOMING HUMAN event id=054071e1-c199-47d6-bf65-5e93726136ee user=Some("Keyomerd") bot=Some(false) server=Some("ku.wiktionary.org")
📤 DEQUEUE HUMAN event id=decbf74f-7f11-41ce-986e-bf69d0fbf268 user=Some("MoQabot") bot=Some(false) server=Some("ar.wikipedia.org")
➕ ENQUEUE HUMAN event id=054071e1-c199-47d6-bf65-5e93726136ee user=Some("Keyomerd") bot=Some(false) server=Some("ku.wiktionary.org")
⏱ HUMAN Actual=300ns Expected=2ms Scheduling Drift(ns)=-1999700
✅ Deadline met: 300ns
📤 DEQUEUE HUMAN event id=054071e1-c199-47d6-bf65-5e93726136ee user=Some("Keyomerd") bot=Some(false) server=Some("ku.wiktionary.org")
⏱ HUMAN Actual=200ns Expected=2ms Scheduling Drift(ns)=-1999800
✅ Deadline met: 200ns
?? INCOMING BOT event id=29a7ee1e-a766-4c05-bbba-7ea14dfec99a user=Some("FenaBot") bot=Some(true) server=Some("en.wiktionary.org")
➕ ENQUEUE BOT event id=29a7ee1e-a766-4c05-bbba-7ea14dfec99a user=Some("FenaBot") bot=Some(true) server=Some("en.wiktionary.org")
📤 DEQUEUE BOT event id=29a7ee1e-a766-4c05-bbba-7ea14dfec99a user=Some("FenaBot") bot=Some(true) server=Some("en.wiktionary.org")
?? INCOMING BOT event id=d9b65d4b-16d3-4158-870c-061de2b1b1dc user=Some("Shuaib-bot") bot=Some(true) server=Some("ur.wikipedia.org")
⏱ BOT Actual=100ns Expected=2ms Scheduling Drift(ns)=-1999900
➕ ENQUEUE BOT event id=d9b65d4b-16d3-4158-870c-061de2b1b1dc user=Some("Shuaib-bot") bot=Some(true) server=Some("ur.wikipedia.org")
✅ Deadline met: 100ns
📤 DEQUEUE BOT event id=d9b65d4b-16d3-4158-870c-061de2b1b1dc user=Some("Shuaib-bot") bot=Some(true) server=Some("ur.wikipedia.org")
?? INCOMING BOT event id=6d5e0694-022e-4f9b-8a8f-fb4b1c02f0f7 user=Some("Zabe") bot=Some(true) server=Some("en.wikinews.org")
⏱ BOT Actual=100ns Expected=2ms Scheduling Drift(ns)=-1999900
➕ ENQUEUE BOT event id=6d5e0694-022e-4f9b-8a8f-fb4b1c02f0f7 user=Some("Zabe") bot=Some(true) server=Some("en.wikinews.org")
✅ Deadline met: 100ns
📤 DEQUEUE BOT event id=6d5e0694-022e-4f9b-8a8f-fb4b1c02f0f7 user=Some("Zabe") bot=Some(true) server=Some("en.wikinews.org")
⏱ BOT Actual=100ns Expected=2ms Scheduling Drift(ns)=-1999900
✅ Deadline met: 100ns
?? INCOMING BOT event id=84ba2c06-5ad9-43b3-9d60-29a390a25443 user=Some("CheWikibot") bot=Some(true) server=Some("ce.wikipedia.org")
➕ ENQUEUE BOT event id=84ba2c06-5ad9-43b3-9d60-29a390a25443 user=Some("CheWikibot") bot=Some(true) server=Some("ce.wikipedia.org")
📤 DEQUEUE BOT event id=84ba2c06-5ad9-43b3-9d60-29a390a25443 user=Some("CheWikibot") bot=Some(true) server=Some("ce.wikipedia.org")
?? INCOMING HUMAN event id=11f5bbcc-ce05-4cdd-b77c-8686cff69603 user=Some("Esp1986") bot=Some(false) server=Some("www.wikidata.org")
⏱ BOT Actual=200ns Expected=2ms Scheduling Drift(ns)=-1999800
➕ ENQUEUE HUMAN event id=11f5bbcc-ce05-4cdd-b77c-8686cff69603 user=Some("Esp1986") bot=Some(false) server=Some("www.wikidata.org")
✅ Deadline met: 200ns
📤 DEQUEUE HUMAN event id=11f5bbcc-ce05-4cdd-b77c-8686cff69603 user=Some("Esp1986") bot=Some(false) server=Some("www.wikidata.org")
⏱ HUMAN Actual=200ns Expected=2ms Scheduling Drift(ns)=-1999800
✅ Deadline met: 200ns
?? INCOMING HUMAN event id=f23d7a6e-010a-43c0-a95d-cf0137f254fc user=Some("DWY Sheng") bot=Some(false) server=Some("zh.wikipedia.org")
➕ ENQUEUE HUMAN event id=f23d7a6e-010a-43c0-a95d-cf0137f254fc user=Some("DWY Sheng") bot=Some(false) server=Some("zh.wikipedia.org")
📤 DEQUEUE HUMAN event id=f23d7a6e-010a-43c0-a95d-cf0137f254fc user=Some("DWY Sheng") bot=Some(false) server=Some("zh.wikipedia.org")
?? INCOMING HUMAN event id=e402d1ec-6b64-485a-9df2-7e1575e8a8c1 user=Some("~2026-27900-12") bot=Some(false) server=Some("en.wikipedia.org")
⏱ HUMAN Actual=200ns Expected=2ms Scheduling Drift(ns)=-1999800
➕ ENQUEUE HUMAN event id=e402d1ec-6b64-485a-9df2-7e1575e8a8c1 user=Some("~2026-27900-12") bot=Some(false) server=Some("en.wikipedia.org")
✅ Deadline met: 200ns
📤 DEQUEUE HUMAN event id=e402d1ec-6b64-485a-9df2-7e1575e8a8c1 user=Some("~2026-27900-12") bot=Some(false) server=Some("en.wikipedia.org")
?? INCOMING BOT event id=fbf3f78f-1cf2-41bf-adeb-6c50e81b7eb0 user=Some("Emijrpbot") bot=Some(true) server=Some("commons.wikimedia.org")
⏱ HUMAN Actual=100ns Expected=2ms Scheduling Drift(ns)=-1999900
➕ ENQUEUE BOT event id=fbf3f78f-1cf2-41bf-adeb-6c50e81b7eb0 user=Some("Emijrpbot") bot=Some(true) server=Some("commons.wikimedia.org")
✅ Deadline met: 100ns
?? INCOMING BOT event id=6ace1f49-61e3-4e6e-b7b5-106eec0d8520 user=Some("DPLA bot") bot=Some(true) server=Some("commons.wikimedia.org")
📤 DEQUEUE BOT event id=fbf3f78f-1cf2-41bf-adeb-6c50e81b7eb0 user=Some("Emijrpbot") bot=Some(true) server=Some("commons.wikimedia.org")
➕ ENQUEUE BOT event id=6ace1f49-61e3-4e6e-b7b5-106eec0d8520 user=Some("DPLA bot") bot=Some(true) server=Some("commons.wikimedia.org")
⏱ BOT Actual=200ns Expected=2ms Scheduling Drift(ns)=-1999800
?? INCOMING HUMAN event id=73389020-8e6b-463d-a5fd-6fd8126598e7 user=Some("Pdae1") bot=Some(false) server=Some("en.wikipedia.org")
✅ Deadline met: 200ns
➕ ENQUEUE HUMAN event id=73389020-8e6b-463d-a5fd-6fd8126598e7 user=Some("Pdae1") bot=Some(false) server=Some("en.wikipedia.org")
📤 DEQUEUE HUMAN event id=73389020-8e6b-463d-a5fd-6fd8126598e7 user=Some("Pdae1") bot=Some(false) server=Some("en.wikipedia.org")
⏱ HUMAN Actual=500ns Expected=2ms Scheduling Drift(ns)=-1999500
?? INCOMING BOT event id=1253de16-3588-4008-aa2d-9960d2e4548c user=Some("DPLA bot") bot=Some(true) server=Some("commons.wikimedia.org")
✅ Deadline met: 500ns
➕ ENQUEUE BOT event id=1253de16-3588-4008-aa2d-9960d2e4548c user=Some("DPLA bot") bot=Some(true) server=Some("commons.wikimedia.org")
📤 DEQUEUE BOT event id=6ace1f49-61e3-4e6e-b7b5-106eec0d8520 user=Some("DPLA bot") bot=Some(true) server=Some("commons.wikimedia.org")
⏱ BOT Actual=200ns Expected=2ms Scheduling Drift(ns)=-1999800
?? INCOMING HUMAN event id=87b3f5c3-a1cb-4f92-817e-b66eb3c8dd9d user=Some("Diligent") bot=Some(false) server=Some("fr.wiktionary.org")
✅ Deadline met: 200ns
➕ ENQUEUE HUMAN event id=87b3f5c3-a1cb-4f92-817e-b66eb3c8dd9d user=Some("Diligent") bot=Some(false) server=Some("fr.wiktionary.org")
DRIFT REPORT count=100 avg_expected=2ms avg_actual_processing_time=278ns avg_scheduling_drift_ns=-1999722 max_scheduling_drift_ns=0 min_scheduling_drift_ns=-2000000 max_processing_time=5µs deadline_misses=0 max_jitter=5µs jitter_breaches=0
?? INCOMING BOT event id=1fb27c53-f9b5-4222-b273-1efa194c88c9 user=Some("DPLA bot") bot=Some(true) server=Some("commons.wikimedia.org")
➕ ENQUEUE BOT event id=1fb27c53-f9b5-4222-b273-1efa194c88c9 user=Some("DPLA bot") bot=Some(true) server=Some("commons.wikimedia.org")
?? INCOMING HUMAN event id=ee76b25d-5795-46b3-940d-b34d137e0298 user=Some("Keyomerd") bot=Some(false) server=Some("ku.wiktionary.org")
➕ ENQUEUE HUMAN event id=ee76b25d-5795-46b3-940d-b34d137e0298 user=Some("Keyomerd") bot=Some(false) server=Some("ku.wiktionary.org")
?? INCOMING BOT event id=9472de98-11e2-471f-a4ff-387f732317f3 user=Some("DPLA bot") bot=Some(true) server=Some("commons.wikimedia.org")
[1778248924.093687400] OVERFLOW DROP BOT dropped=[event id=1253de16-3588-4008-aa2d-9960d2e4548c user=Some("DPLA bot") bot=Some(true) server=Some("commons.wikimedia.org")] incoming=[event id=9472de98-11e2-471f-a4ff-387f732317f3 user=Some("DPLA bot") bot=Some(true) server=Some("commons.wikimedia.org")]
➕ ENQUEUE BOT event id=9472de98-11e2-471f-a4ff-387f732317f3 user=Some("DPLA bot") bot=Some(true) server=Some("commons.wikimedia.org")
📤 DEQUEUE HUMAN event id=87b3f5c3-a1cb-4f92-817e-b66eb3c8dd9d user=Some("Diligent") bot=Some(false) server=Some("fr.wiktionary.org")
⏱ HUMAN Actual=200ns Expected=2ms Scheduling Drift(ns)=-1999800
✅ Deadline met: 200ns
📤 DEQUEUE HUMAN event id=ee76b25d-5795-46b3-940d-b34d137e0298 user=Some("Keyomerd") bot=Some(false) server=Some("ku.wiktionary.org")
⏱ HUMAN Actual=400ns Expected=2ms Scheduling Drift(ns)=-1999600
✅ Deadline met: 400ns
📤 DEQUEUE BOT event id=1fb27c53-f9b5-4222-b273-1efa194c88c9 user=Some("DPLA bot") bot=Some(true) server=Some("commons.wikimedia.org")
⏱ BOT Actual=100ns Expected=2ms Scheduling Drift(ns)=-1999900
✅ Deadline met: 100ns
📤 DEQUEUE BOT event id=9472de98-11e2-471f-a4ff-387f732317f3 user=Some("DPLA bot") bot=Some(true) server=Some("commons.wikimedia.org")
⏱ BOT Actual=200ns Expected=2ms Scheduling Drift(ns)=-1999800
✅ Deadline met: 200ns
?? INCOMING BOT event id=393f8b17-8aa6-4c6b-87b6-a78c145acefb user=Some("DPLA bot") bot=Some(true) server=Some("commons.wikimedia.org")
➕ ENQUEUE BOT event id=393f8b17-8aa6-4c6b-87b6-a78c145acefb user=Some("DPLA bot") bot=Some(true) server=Some("commons.wikimedia.org")
📤 DEQUEUE BOT event id=393f8b17-8aa6-4c6b-87b6-a78c145acefb user=Some("DPLA bot") bot=Some(true) server=Some("commons.wikimedia.org")
?? INCOMING HUMAN event id=77df44ad-5543-4d49-be35-363dfa9b252d user=Some("Keyomerd") bot=Some(false) server=Some("ku.wiktionary.org")
⏱ BOT Actual=100ns Expected=2ms Scheduling Drift(ns)=-1999900
➕ ENQUEUE HUMAN event id=77df44ad-5543-4d49-be35-363dfa9b252d user=Some("Keyomerd") bot=Some(false) server=Some("ku.wiktionary.org")
✅ Deadline met: 100ns
📤 DEQUEUE HUMAN event id=77df44ad-5543-4d49-be35-363dfa9b252d user=Some("Keyomerd") bot=Some(false) server=Some("ku.wiktionary.org")
?? INCOMING BOT event id=37bffb8a-ccd7-4997-b5c0-e99f5a732306 user=Some("FenaBot") bot=Some(true) server=Some("en.wiktionary.org")
⏱ HUMAN Actual=200ns Expected=2ms Scheduling Drift(ns)=-1999800
➕ ENQUEUE BOT event id=37bffb8a-ccd7-4997-b5c0-e99f5a732306 user=Some("FenaBot") bot=Some(true) server=Some("en.wiktionary.org")
✅ Deadline met: 200ns
?? INCOMING HUMAN event id=fe4b9e14-fdb3-4461-a7ad-243b6b39d79e user=Some("Keyomerd") bot=Some(false) server=Some("ku.wiktionary.org")
📤 DEQUEUE BOT event id=37bffb8a-ccd7-4997-b5c0-e99f5a732306 user=Some("FenaBot") bot=Some(true) server=Some("en.wiktionary.org")
➕ ENQUEUE HUMAN event id=fe4b9e14-fdb3-4461-a7ad-243b6b39d79e user=Some("Keyomerd") bot=Some(false) server=Some("ku.wiktionary.org")
⏱ BOT Actual=0ns Expected=2ms Scheduling Drift(ns)=-2000000
✅ Deadline met: 0ns
?? INCOMING BOT event id=e9295540-b9c9-4494-a871-bdf61decc81c user=Some("DeltaBot") bot=Some(true) server=Some("www.wikidata.org")
📤 DEQUEUE HUMAN event id=fe4b9e14-fdb3-4461-a7ad-243b6b39d79e user=Some("Keyomerd") bot=Some(false) server=Some("ku.wiktionary.org")
➕ ENQUEUE BOT event id=e9295540-b9c9-4494-a871-bdf61decc81c user=Some("DeltaBot") bot=Some(true) server=Some("www.wikidata.org")
⏱ HUMAN Actual=300ns Expected=2ms Scheduling Drift(ns)=-1999700
✅ Deadline met: 300ns
?? INCOMING HUMAN event id=4e052feb-be57-4c70-9e89-627563df0ae4 user=Some("Keyomerd") bot=Some(false) server=Some("ku.wiktionary.org")
📤 DEQUEUE BOT event id=e9295540-b9c9-4494-a871-bdf61decc81c user=Some("DeltaBot") bot=Some(true) server=Some("www.wikidata.org")
➕ ENQUEUE HUMAN event id=4e052feb-be57-4c70-9e89-627563df0ae4 user=Some("Keyomerd") bot=Some(false) server=Some("ku.wiktionary.org")
⏱ BOT Actual=200ns Expected=2ms Scheduling Drift(ns)=-1999800
✅ Deadline met: 200ns?? INCOMING HUMAN event id=800f004d-92a5-4723-a518-f59ff3cfd96c user=Some("Diligent") bot=Some(false) server=Some("fr.wiktionary.org")

📤 DEQUEUE HUMAN event id=4e052feb-be57-4c70-9e89-627563df0ae4 user=Some("Keyomerd") bot=Some(false) server=Some("ku.wiktionary.org")
➕ ENQUEUE HUMAN event id=800f004d-92a5-4723-a518-f59ff3cfd96c user=Some("Diligent") bot=Some(false) server=Some("fr.wiktionary.org")
⏱ HUMAN Actual=200ns Expected=2ms Scheduling Drift(ns)=-1999800
✅ Deadline met: 200ns
?? INCOMING HUMAN event id=7971a844-95fc-459c-8382-5bba3fbba497 user=Some("Keyomerd") bot=Some(false) server=Some("ku.wiktionary.org")
📤 DEQUEUE HUMAN event id=800f004d-92a5-4723-a518-f59ff3cfd96c user=Some("Diligent") bot=Some(false) server=Some("fr.wiktionary.org")
➕ ENQUEUE HUMAN event id=7971a844-95fc-459c-8382-5bba3fbba497 user=Some("Keyomerd") bot=Some(false) server=Some("ku.wiktionary.org")
⏱ HUMAN Actual=500ns Expected=2ms Scheduling Drift(ns)=-1999500
?? INCOMING BOT event id=f25e665f-3708-42a9-b709-b4bb0c2e0345 user=Some("SuperGrey-bot") bot=Some(true) server=Some("zh.wikisource.org")
✅ Deadline met: 500ns
➕ ENQUEUE BOT event id=f25e665f-3708-42a9-b709-b4bb0c2e0345 user=Some("SuperGrey-bot") bot=Some(true) server=Some("zh.wikisource.org")
📤 DEQUEUE HUMAN event id=7971a844-95fc-459c-8382-5bba3fbba497 user=Some("Keyomerd") bot=Some(false) server=Some("ku.wiktionary.org")
⏱ HUMAN Actual=200ns Expected=2ms Scheduling Drift(ns)=-1999800
?? INCOMING BOT event id=f6063df0-c801-45dc-acbf-88bc417117a9 user=Some("SuperGrey-bot") bot=Some(true) server=Some("zh.wikisource.org")
✅ Deadline met: 200ns
➕ ENQUEUE BOT event id=f6063df0-c801-45dc-acbf-88bc417117a9 user=Some("SuperGrey-bot") bot=Some(true) server=Some("zh.wikisource.org")
📤 DEQUEUE BOT event id=f25e665f-3708-42a9-b709-b4bb0c2e0345 user=Some("SuperGrey-bot") bot=Some(true) server=Some("zh.wikisource.org")
⏱ BOT Actual=100ns Expected=2ms Scheduling Drift(ns)=-1999900
?? INCOMING HUMAN event id=f68b11f5-6548-4401-a646-bd574b72fe3e user=Some("Diligent") bot=Some(false) server=Some("fr.wiktionary.org")✅ Deadline met: 100ns

➕ ENQUEUE HUMAN event id=f68b11f5-6548-4401-a646-bd574b72fe3e user=Some("Diligent") bot=Some(false) server=Some("fr.wiktionary.org")
📤 DEQUEUE BOT event id=f6063df0-c801-45dc-acbf-88bc417117a9 user=Some("SuperGrey-bot") bot=Some(true) server=Some("zh.wikisource.org")
⏱ BOT Actual=100ns Expected=2ms Scheduling Drift(ns)=-1999900
?? INCOMING BOT event id=fb361fb6-c071-49d5-8676-3462b5d58195 user=Some("SuperGrey-bot") bot=Some(true) server=Some("zh.wikisource.org")
✅ Deadline met: 100ns
➕ ENQUEUE BOT event id=fb361fb6-c071-49d5-8676-3462b5d58195 user=Some("SuperGrey-bot") bot=Some(true) server=Some("zh.wikisource.org")
📤 DEQUEUE HUMAN event id=f68b11f5-6548-4401-a646-bd574b72fe3e user=Some("Diligent") bot=Some(false) server=Some("fr.wiktionary.org")
?? INCOMING HUMAN event id=cde6c43f-cf8c-4ea7-ae09-66f5b503102c user=Some("Diligent") bot=Some(false) server=Some("fr.wiktionary.org")
⏱ HUMAN Actual=200ns Expected=2ms Scheduling Drift(ns)=-1999800
➕ ENQUEUE HUMAN event id=cde6c43f-cf8c-4ea7-ae09-66f5b503102c user=Some("Diligent") bot=Some(false) server=Some("fr.wiktionary.org")
✅ Deadline met: 200ns
📤 DEQUEUE HUMAN event id=cde6c43f-cf8c-4ea7-ae09-66f5b503102c user=Some("Diligent") bot=Some(false) server=Some("fr.wiktionary.org")
⏱ HUMAN Actual=200ns Expected=2ms Scheduling Drift(ns)=-1999800
✅ Deadline met: 200ns
📤 DEQUEUE BOT event id=fb361fb6-c071-49d5-8676-3462b5d58195 user=Some("SuperGrey-bot") bot=Some(true) server=Some("zh.wikisource.org")
⏱ BOT Actual=100ns Expected=2ms Scheduling Drift(ns)=-1999900
✅ Deadline met: 100ns
?? INCOMING BOT event id=981c82c7-89c7-4d5e-be8f-7f559217181d user=Some("SuperGrey-bot") bot=Some(true) server=Some("zh.wikisource.org")
➕ ENQUEUE BOT event id=981c82c7-89c7-4d5e-be8f-7f559217181d user=Some("SuperGrey-bot") bot=Some(true) server=Some("zh.wikisource.org")
📤 DEQUEUE BOT event id=981c82c7-89c7-4d5e-be8f-7f559217181d user=Some("SuperGrey-bot") bot=Some(true) server=Some("zh.wikisource.org")
?? INCOMING BOT event id=5d15851e-701f-46ea-bab0-9db44c684438 user=Some("Zabe") bot=Some(true) server=Some("en.wikinews.org")
⏱ BOT Actual=100ns Expected=2ms Scheduling Drift(ns)=-1999900
➕ ENQUEUE BOT event id=5d15851e-701f-46ea-bab0-9db44c684438 user=Some("Zabe") bot=Some(true) server=Some("en.wikinews.org")
✅ Deadline met: 100ns
📤 DEQUEUE BOT event id=5d15851e-701f-46ea-bab0-9db44c684438 user=Some("Zabe") bot=Some(true) server=Some("en.wikinews.org")
?? INCOMING BOT event id=d7572dc2-46a9-49e3-b54a-eb6840953e5c user=Some("SuperGrey-bot") bot=Some(true) server=Some("zh.wikisource.org")
⏱ BOT Actual=100ns Expected=2ms Scheduling Drift(ns)=-1999900
➕ ENQUEUE BOT event id=d7572dc2-46a9-49e3-b54a-eb6840953e5c user=Some("SuperGrey-bot") bot=Some(true) server=Some("zh.wikisource.org")
✅ Deadline met: 100ns
?? INCOMING BOT event id=d0475761-045b-40d1-bfc4-22d7d9cb53cf user=Some("Mirmok12") bot=Some(true) server=Some("de.wikipedia.org")
📤 DEQUEUE BOT event id=d7572dc2-46a9-49e3-b54a-eb6840953e5c user=Some("SuperGrey-bot") bot=Some(true) server=Some("zh.wikisource.org")
➕ ENQUEUE BOT event id=d0475761-045b-40d1-bfc4-22d7d9cb53cf user=Some("Mirmok12") bot=Some(true) server=Some("de.wikipedia.org")
⏱ BOT Actual=100ns Expected=2ms Scheduling Drift(ns)=-1999900
✅ Deadline met: 100ns
?? INCOMING HUMAN event id=f204d8ff-0425-4d37-a65e-19e2b8f14cf2 user=Some("N.imaema") bot=Some(false) server=Some("id.wikisource.org")
📤 DEQUEUE BOT event id=d0475761-045b-40d1-bfc4-22d7d9cb53cf user=Some("Mirmok12") bot=Some(true) server=Some("de.wikipedia.org")
➕ ENQUEUE HUMAN event id=f204d8ff-0425-4d37-a65e-19e2b8f14cf2 user=Some("N.imaema") bot=Some(false) server=Some("id.wikisource.org")
⏱ BOT Actual=100ns Expected=2ms Scheduling Drift(ns)=-1999900
?? INCOMING BOT event id=a093a13c-32a1-4ee9-ae5c-b5d49517e2f7 user=Some("SuperGrey-bot") bot=Some(true) server=Some("zh.wikisource.org")
✅ Deadline met: 100ns
➕ ENQUEUE BOT event id=a093a13c-32a1-4ee9-ae5c-b5d49517e2f7 user=Some("SuperGrey-bot") bot=Some(true) server=Some("zh.wikisource.org")
📤 DEQUEUE HUMAN event id=f204d8ff-0425-4d37-a65e-19e2b8f14cf2 user=Some("N.imaema") bot=Some(false) server=Some("id.wikisource.org")
⏱ HUMAN Actual=300ns Expected=2ms Scheduling Drift(ns)=-1999700
?? INCOMING HUMAN event id=79e9f599-66db-4a4e-b0d8-2024675dfa92 user=Some("Gaia Octavia Agrippa") bot=Some(false) server=Some("en.wikipedia.org")
✅ Deadline met: 300ns
➕ ENQUEUE HUMAN event id=79e9f599-66db-4a4e-b0d8-2024675dfa92 user=Some("Gaia Octavia Agrippa") bot=Some(false) server=Some("en.wikipedia.org")
📤 DEQUEUE HUMAN event id=79e9f599-66db-4a4e-b0d8-2024675dfa92 user=Some("Gaia Octavia Agrippa") bot=Some(false) server=Some("en.wikipedia.org")
?? INCOMING BOT event id=b21bffdc-fc35-4dda-9d55-5adbe56257e6 user=Some("SchlurcherBot") bot=Some(true) server=Some("commons.wikimedia.org")
⏱ HUMAN Actual=300ns Expected=2ms Scheduling Drift(ns)=-1999700
➕ ENQUEUE BOT event id=b21bffdc-fc35-4dda-9d55-5adbe56257e6 user=Some("SchlurcherBot") bot=Some(true) server=Some("commons.wikimedia.org")
✅ Deadline met: 300ns
?? INCOMING HUMAN event id=d03335a2-e96b-41a2-b734-d8526c493b51 user=Some("PantheraLeo1359531") bot=Some(false) server=Some("commons.wikimedia.org")
📤 DEQUEUE BOT event id=a093a13c-32a1-4ee9-ae5c-b5d49517e2f7 user=Some("SuperGrey-bot") bot=Some(true) server=Some("zh.wikisource.org")
➕ ENQUEUE HUMAN event id=d03335a2-e96b-41a2-b734-d8526c493b51 user=Some("PantheraLeo1359531") bot=Some(false) server=Some("commons.wikimedia.org")
⏱ BOT Actual=100ns Expected=2ms Scheduling Drift(ns)=-1999900
✅ Deadline met: 100ns
?? INCOMING HUMAN event id=3a64b5f4-4c58-453e-bb88-e89c640a988e user=Some("DWY Sheng") bot=Some(false) server=Some("zh.wikipedia.org")
📤 DEQUEUE HUMAN event id=d03335a2-e96b-41a2-b734-d8526c493b51 user=Some("PantheraLeo1359531") bot=Some(false) server=Some("commons.wikimedia.org")
➕ ENQUEUE HUMAN event id=3a64b5f4-4c58-453e-bb88-e89c640a988e user=Some("DWY Sheng") bot=Some(false) server=Some("zh.wikipedia.org")
⏱ HUMAN Actual=400ns Expected=2ms Scheduling Drift(ns)=-1999600
?? INCOMING HUMAN event id=e0d8ba59-7e74-4167-a150-235ccf9ec43e user=Some("DWY Sheng") bot=Some(false) server=Some("zh.wikipedia.org")
✅ Deadline met: 400ns
➕ ENQUEUE HUMAN event id=e0d8ba59-7e74-4167-a150-235ccf9ec43e user=Some("DWY Sheng") bot=Some(false) server=Some("zh.wikipedia.org")
📤 DEQUEUE HUMAN event id=3a64b5f4-4c58-453e-bb88-e89c640a988e user=Some("DWY Sheng") bot=Some(false) server=Some("zh.wikipedia.org")
⏱ HUMAN Actual=200ns Expected=2ms Scheduling Drift(ns)=-1999800
✅ Deadline met: 200ns
📤 DEQUEUE HUMAN event id=e0d8ba59-7e74-4167-a150-235ccf9ec43e user=Some("DWY Sheng") bot=Some(false) server=Some("zh.wikipedia.org")
⏱ HUMAN Actual=200ns Expected=2ms Scheduling Drift(ns)=-1999800
✅ Deadline met: 200ns
📤 DEQUEUE BOT event id=b21bffdc-fc35-4dda-9d55-5adbe56257e6 user=Some("SchlurcherBot") bot=Some(true) server=Some("commons.wikimedia.org")
⏱ BOT Actual=200ns Expected=2ms Scheduling Drift(ns)=-1999800
✅ Deadline met: 200ns
